<?xml version="1.0" encoding="UTF-8"?>
<!-- Generated by org.testng.reporters.JUnitReportReporter -->
<testsuite hostname="Leonard" failures="0" tests="1" name="testcases.volvoMenu" time="18.800" errors="0" timestamp="2023-04-04T12:33:27 IST" skipped="0">
  <testcase classname="testcases.volvoMenu" name="MenuTest" time="18.800"/>
  <system-out/>
</testsuite> <!-- testcases.volvoMenu -->
